<?xml version="1.0" encoding="UTF-8"?>
<testsuite name="org.example.JsonKStreamTest" tests="1" skipped="0" failures="0" errors="0" timestamp="2023-03-03T02:41:08" hostname="DESKTOP-66KK2BT" time="0.45">
  <properties/>
  <testcase name="testIfTwoMessageArePassedWithSameKey()" classname="org.example.JsonKStreamTest" time="0.45"/>
  <system-out><![CDATA[]]></system-out>
  <system-err><![CDATA[SLF4J: Failed to load class "org.slf4j.impl.StaticLoggerBinder".
SLF4J: Defaulting to no-operation (NOP) logger implementation
SLF4J: See http://www.slf4j.org/codes.html#StaticLoggerBinder for further details.
]]></system-err>
</testsuite>
